# JRE version: OpenJDK Runtime Environment Temurin-21.0.9+10 (21.0.9+10) (build 21.0.9+10-LTS)
# Java VM: OpenJDK 64-Bit Server VM Temurin-21.0.9+10 (21.0.9+10-LTS, mixed mode, sharing, tiered, compressed oops, compressed class ptrs, parallel gc, windows-amd64)
GC Precious Log:
 CardTable entry size: 512
 CPUs: 4 total, 4 available
 Memory: 16229M
 Large Page Support: Disabled
 NUMA Support: Disabled
 Compressed Oops: Enabled (32-bit)
 Alignments: Space 512K, Generation 512K, Heap 2M
 Heap Min Capacity: 100M
 Heap Initial Capacity: 100M
 Heap Max Capacity: 2G
 Pre-touch: Disabled
 Parallel Workers: 4
Heap:
 PSYoungGen      total 24576K, used 9915K [0x00000000d5580000, 0x00000000d7500000, 0x0000000100000000)
  eden space 17920K, 19% used [0x00000000d5580000,0x00000000d58e1ee0,0x00000000d6700000)
  from space 6656K, 96% used [0x00000000d6700000,0x00000000d6d4cd50,0x00000000d6d80000)
  to   space 7168K, 0% used [0x00000000d6e00000,0x00000000d6e00000,0x00000000d7500000)
 ParOldGen       total 68608K, used 27054K [0x0000000080000000, 0x0000000084300000, 0x00000000d5580000)
  object space 68608K, 39% used [0x0000000080000000,0x0000000081a6bb58,0x0000000084300000)
 Metaspace       used 39700K, committed 40896K, reserved 1114112K
  class space    used 4179K, committed 4672K, reserved 1048576K
GC Heap History (20 events):
Event: 7.971 GC heap before
{Heap before GC invocations=9 (full 1):
 PSYoungGen      total 28672K, used 24576K [0x00000000d5580000, 0x00000000d7580000, 0x0000000100000000)
  eden space 24576K, 100% used [0x00000000d5580000,0x00000000d6d80000,0x00000000d6d80000)
  from space 4096K, 0% used [0x00000000d6e80000,0x00000000d6e80000,0x00000000d7280000)
  to   space 3072K, 0% used [0x00000000d7280000,0x00000000d7280000,0x00000000d7580000)
 ParOldGen       total 68608K, used 12777K [0x0000000080000000, 0x0000000084300000, 0x00000000d5580000)
  object space 68608K, 18% used [0x0000000080000000,0x0000000080c7a618,0x0000000084300000)
 Metaspace       used 22663K, committed 23680K, reserved 1114112K
  class space    used 2394K, committed 2816K, reserved 1048576K
}
Event: 7.975 GC heap after
{Heap after GC invocations=9 (full 1):
 PSYoungGen      total 26624K, used 2546K [0x00000000d5580000, 0x00000000d7500000, 0x0000000100000000)
  eden space 24064K, 0% used [0x00000000d5580000,0x00000000d5580000,0x00000000d6d00000)
  from space 2560K, 99% used [0x00000000d7280000,0x00000000d74fc940,0x00000000d7500000)
  to   space 3072K, 0% used [0x00000000d6f00000,0x00000000d6f00000,0x00000000d7200000)
 ParOldGen       total 68608K, used 12785K [0x0000000080000000, 0x0000000084300000, 0x00000000d5580000)
  object space 68608K, 18% used [0x0000000080000000,0x0000000080c7c618,0x0000000084300000)
 Metaspace       used 22663K, committed 23680K, reserved 1114112K
  class space    used 2394K, committed 2816K, reserved 1048576K
}
Event: 8.231 GC heap before
{Heap before GC invocations=10 (full 1):
 PSYoungGen      total 26624K, used 26610K [0x00000000d5580000, 0x00000000d7500000, 0x0000000100000000)
  eden space 24064K, 100% used [0x00000000d5580000,0x00000000d6d00000,0x00000000d6d00000)
  from space 2560K, 99% used [0x00000000d7280000,0x00000000d74fc940,0x00000000d7500000)
  to   space 3072K, 0% used [0x00000000d6f00000,0x00000000d6f00000,0x00000000d7200000)
 ParOldGen       total 68608K, used 12785K [0x0000000080000000, 0x0000000084300000, 0x00000000d5580000)
  object space 68608K, 18% used [0x0000000080000000,0x0000000080c7c618,0x0000000084300000)
 Metaspace       used 26041K, committed 27008K, reserved 1114112K
  class space    used 2648K, committed 3072K, reserved 1048576K
}
Event: 8.233 GC heap after
{Heap after GC invocations=10 (full 1):
 PSYoungGen      total 26624K, used 2849K [0x00000000d5580000, 0x00000000d7300000, 0x0000000100000000)
  eden space 23552K, 0% used [0x00000000d5580000,0x00000000d5580000,0x00000000d6c80000)
  from space 3072K, 92% used [0x00000000d6f00000,0x00000000d71c84a0,0x00000000d7200000)
  to   space 1024K, 0% used [0x00000000d7200000,0x00000000d7200000,0x00000000d7300000)
 ParOldGen       total 68608K, used 12793K [0x0000000080000000, 0x0000000084300000, 0x00000000d5580000)
  object space 68608K, 18% used [0x0000000080000000,0x0000000080c7e618,0x0000000084300000)
 Metaspace       used 26041K, committed 27008K, reserved 1114112K
  class space    used 2648K, committed 3072K, reserved 1048576K
}
Event: 8.518 GC heap before
{Heap before GC invocations=11 (full 1):
 PSYoungGen      total 26624K, used 26401K [0x00000000d5580000, 0x00000000d7300000, 0x0000000100000000)
  eden space 23552K, 100% used [0x00000000d5580000,0x00000000d6c80000,0x00000000d6c80000)
  from space 3072K, 92% used [0x00000000d6f00000,0x00000000d71c84a0,0x00000000d7200000)
  to   space 1024K, 0% used [0x00000000d7200000,0x00000000d7200000,0x00000000d7300000)
 ParOldGen       total 68608K, used 12793K [0x0000000080000000, 0x0000000084300000, 0x00000000d5580000)
  object space 68608K, 18% used [0x0000000080000000,0x0000000080c7e618,0x0000000084300000)
 Metaspace       used 27712K, committed 28672K, reserved 1114112K
  class space    used 2753K, committed 3136K, reserved 1048576K
}
Event: 8.524 GC heap after
{Heap after GC invocations=11 (full 1):
 PSYoungGen      total 24064K, used 894K [0x00000000d5580000, 0x00000000d7300000, 0x0000000100000000)
  eden space 23040K, 0% used [0x00000000d5580000,0x00000000d5580000,0x00000000d6c00000)
  from space 1024K, 87% used [0x00000000d7200000,0x00000000d72df8a0,0x00000000d7300000)
  to   space 2048K, 0% used [0x00000000d6f00000,0x00000000d6f00000,0x00000000d7100000)
 ParOldGen       total 68608K, used 15269K [0x0000000080000000, 0x0000000084300000, 0x00000000d5580000)
  object space 68608K, 22% used [0x0000000080000000,0x0000000080ee9798,0x0000000084300000)
 Metaspace       used 27712K, committed 28672K, reserved 1114112K
  class space    used 2753K, committed 3136K, reserved 1048576K
}
Event: 8.991 GC heap before
{Heap before GC invocations=12 (full 1):
 PSYoungGen      total 24064K, used 23934K [0x00000000d5580000, 0x00000000d7300000, 0x0000000100000000)
  eden space 23040K, 100% used [0x00000000d5580000,0x00000000d6c00000,0x00000000d6c00000)
  from space 1024K, 87% used [0x00000000d7200000,0x00000000d72df8a0,0x00000000d7300000)
  to   space 2048K, 0% used [0x00000000d6f00000,0x00000000d6f00000,0x00000000d7100000)
 ParOldGen       total 68608K, used 15269K [0x0000000080000000, 0x0000000084300000, 0x00000000d5580000)
  object space 68608K, 22% used [0x0000000080000000,0x0000000080ee9798,0x0000000084300000)
 Metaspace       used 31115K, committed 32128K, reserved 1114112K
  class space    used 3122K, committed 3520K, reserved 1048576K
}
Event: 8.997 GC heap after
{Heap after GC invocations=12 (full 1):
 PSYoungGen      total 24576K, used 1885K [0x00000000d5580000, 0x00000000d7280000, 0x0000000100000000)
  eden space 22528K, 0% used [0x00000000d5580000,0x00000000d5580000,0x00000000d6b80000)
  from space 2048K, 92% used [0x00000000d6f00000,0x00000000d70d7438,0x00000000d7100000)
  to   space 1536K, 0% used [0x00000000d7100000,0x00000000d7100000,0x00000000d7280000)
 ParOldGen       total 68608K, used 15971K [0x0000000080000000, 0x0000000084300000, 0x00000000d5580000)
  object space 68608K, 23% used [0x0000000080000000,0x0000000080f98fb8,0x0000000084300000)
 Metaspace       used 31115K, committed 32128K, reserved 1114112K
  class space    used 3122K, committed 3520K, reserved 1048576K
}
Event: 9.356 GC heap before
{Heap before GC invocations=13 (full 1):
 PSYoungGen      total 24576K, used 24405K [0x00000000d5580000, 0x00000000d7280000, 0x0000000100000000)
  eden space 22528K, 99% used [0x00000000d5580000,0x00000000d6b7e3b8,0x00000000d6b80000)
  from space 2048K, 92% used [0x00000000d6f00000,0x00000000d70d7438,0x00000000d7100000)
  to   space 1536K, 0% used [0x00000000d7100000,0x00000000d7100000,0x00000000d7280000)
 ParOldGen       total 68608K, used 15971K [0x0000000080000000, 0x0000000084300000, 0x00000000d5580000)
  object space 68608K, 23% used [0x0000000080000000,0x0000000080f98fb8,0x0000000084300000)
 Metaspace       used 34057K, committed 35200K, reserved 1114112K
  class space    used 3507K, committed 3968K, reserved 1048576K
}
Event: 9.362 GC heap after
{Heap after GC invocations=13 (full 1):
 PSYoungGen      total 23552K, used 1200K [0x00000000d5580000, 0x00000000d7280000, 0x0000000100000000)
  eden space 22016K, 0% used [0x00000000d5580000,0x00000000d5580000,0x00000000d6b00000)
  from space 1536K, 78% used [0x00000000d7100000,0x00000000d722c078,0x00000000d7280000)
  to   space 1536K, 0% used [0x00000000d6f80000,0x00000000d6f80000,0x00000000d7100000)
 ParOldGen       total 68608K, used 17666K [0x0000000080000000, 0x0000000084300000, 0x00000000d5580000)
  object space 68608K, 25% used [0x0000000080000000,0x0000000081140978,0x0000000084300000)
 Metaspace       used 34057K, committed 35200K, reserved 1114112K
  class space    used 3507K, committed 3968K, reserved 1048576K
}
Event: 9.423 GC heap before
{Heap before GC invocations=14 (full 1):
 PSYoungGen      total 23552K, used 6316K [0x00000000d5580000, 0x00000000d7280000, 0x0000000100000000)
  eden space 22016K, 23% used [0x00000000d5580000,0x00000000d5a7eff0,0x00000000d6b00000)
  from space 1536K, 78% used [0x00000000d7100000,0x00000000d722c078,0x00000000d7280000)
  to   space 1536K, 0% used [0x00000000d6f80000,0x00000000d6f80000,0x00000000d7100000)
 ParOldGen       total 68608K, used 17666K [0x0000000080000000, 0x0000000084300000, 0x00000000d5580000)
  object space 68608K, 25% used [0x0000000080000000,0x0000000081140978,0x0000000084300000)
 Metaspace       used 34660K, committed 35840K, reserved 1114112K
  class space    used 3575K, committed 4032K, reserved 1048576K
}
Event: 9.427 GC heap after
{Heap after GC invocations=14 (full 1):
 PSYoungGen      total 22528K, used 253K [0x00000000d5580000, 0x00000000d7180000, 0x0000000100000000)
  eden space 22016K, 0% used [0x00000000d5580000,0x00000000d5580000,0x00000000d6b00000)
  from space 512K, 49% used [0x00000000d6f80000,0x00000000d6fbf658,0x00000000d7000000)
  to   space 1024K, 0% used [0x00000000d7080000,0x00000000d7080000,0x00000000d7180000)
 ParOldGen       total 68608K, used 18790K [0x0000000080000000, 0x0000000084300000, 0x00000000d5580000)
  object space 68608K, 27% used [0x0000000080000000,0x0000000081259a88,0x0000000084300000)
 Metaspace       used 34660K, committed 35840K, reserved 1114112K
  class space    used 3575K, committed 4032K, reserved 1048576K
}
Event: 9.427 GC heap before
{Heap before GC invocations=15 (full 2):
 PSYoungGen      total 22528K, used 253K [0x00000000d5580000, 0x00000000d7180000, 0x0000000100000000)
  eden space 22016K, 0% used [0x00000000d5580000,0x00000000d5580000,0x00000000d6b00000)
  from space 512K, 49% used [0x00000000d6f80000,0x00000000d6fbf658,0x00000000d7000000)
  to   space 1024K, 0% used [0x00000000d7080000,0x00000000d7080000,0x00000000d7180000)
 ParOldGen       total 68608K, used 18790K [0x0000000080000000, 0x0000000084300000, 0x00000000d5580000)
  object space 68608K, 27% used [0x0000000080000000,0x0000000081259a88,0x0000000084300000)
 Metaspace       used 34660K, committed 35840K, reserved 1114112K
  class space    used 3575K, committed 4032K, reserved 1048576K
}
Event: 9.490 GC heap after
{Heap after GC invocations=15 (full 2):
 PSYoungGen      total 22528K, used 0K [0x00000000d5580000, 0x00000000d7180000, 0x0000000100000000)
  eden space 22016K, 0% used [0x00000000d5580000,0x00000000d5580000,0x00000000d6b00000)
  from space 512K, 0% used [0x00000000d6f80000,0x00000000d6f80000,0x00000000d7000000)
  to   space 1024K, 0% used [0x00000000d7080000,0x00000000d7080000,0x00000000d7180000)
 ParOldGen       total 68608K, used 18115K [0x0000000080000000, 0x0000000084300000, 0x00000000d5580000)
  object space 68608K, 26% used [0x0000000080000000,0x00000000811b0fb0,0x0000000084300000)
 Metaspace       used 34660K, committed 35840K, reserved 1114112K
  class space    used 3575K, committed 4032K, reserved 1048576K
}
Event: 9.975 GC heap before
{Heap before GC invocations=16 (full 2):
 PSYoungGen      total 22528K, used 22016K [0x00000000d5580000, 0x00000000d7180000, 0x0000000100000000)
  eden space 22016K, 100% used [0x00000000d5580000,0x00000000d6b00000,0x00000000d6b00000)
  from space 512K, 0% used [0x00000000d6f80000,0x00000000d6f80000,0x00000000d7000000)
  to   space 1024K, 0% used [0x00000000d7080000,0x00000000d7080000,0x00000000d7180000)
 ParOldGen       total 68608K, used 18115K [0x0000000080000000, 0x0000000084300000, 0x00000000d5580000)
  object space 68608K, 26% used [0x0000000080000000,0x00000000811b0fb0,0x0000000084300000)
 Metaspace       used 37062K, committed 38272K, reserved 1114112K
  class space    used 3855K, committed 4352K, reserved 1048576K
}
Event: 9.979 GC heap after
{Heap after GC invocations=16 (full 2):
 PSYoungGen      total 23040K, used 1008K [0x00000000d5580000, 0x00000000d7180000, 0x0000000100000000)
  eden space 22016K, 0% used [0x00000000d5580000,0x00000000d5580000,0x00000000d6b00000)
  from space 1024K, 98% used [0x00000000d7080000,0x00000000d717c010,0x00000000d7180000)
  to   space 2560K, 0% used [0x00000000d6c80000,0x00000000d6c80000,0x00000000d6f00000)
 ParOldGen       total 68608K, used 19184K [0x0000000080000000, 0x0000000084300000, 0x00000000d5580000)
  object space 68608K, 27% used [0x0000000080000000,0x00000000812bc3b0,0x0000000084300000)
 Metaspace       used 37062K, committed 38272K, reserved 1114112K
  class space    used 3855K, committed 4352K, reserved 1048576K
}
Event: 10.341 GC heap before
{Heap before GC invocations=17 (full 2):
 PSYoungGen      total 23040K, used 23024K [0x00000000d5580000, 0x00000000d7180000, 0x0000000100000000)
  eden space 22016K, 100% used [0x00000000d5580000,0x00000000d6b00000,0x00000000d6b00000)
  from space 1024K, 98% used [0x00000000d7080000,0x00000000d717c010,0x00000000d7180000)
  to   space 2560K, 0% used [0x00000000d6c80000,0x00000000d6c80000,0x00000000d6f00000)
 ParOldGen       total 68608K, used 19184K [0x0000000080000000, 0x0000000084300000, 0x00000000d5580000)
  object space 68608K, 27% used [0x0000000080000000,0x00000000812bc3b0,0x0000000084300000)
 Metaspace       used 38315K, committed 39552K, reserved 1114112K
  class space    used 4010K, committed 4544K, reserved 1048576K
}
Event: 10.346 GC heap after
{Heap after GC invocations=17 (full 2):
 PSYoungGen      total 24576K, used 2253K [0x00000000d5580000, 0x00000000d7100000, 0x0000000100000000)
  eden space 22016K, 0% used [0x00000000d5580000,0x00000000d5580000,0x00000000d6b00000)
  from space 2560K, 88% used [0x00000000d6c80000,0x00000000d6eb3640,0x00000000d6f00000)
  to   space 2048K, 0% used [0x00000000d6f00000,0x00000000d6f00000,0x00000000d7100000)
 ParOldGen       total 68608K, used 20108K [0x0000000080000000, 0x0000000084300000, 0x00000000d5580000)
  object space 68608K, 29% used [0x0000000080000000,0x00000000813a3240,0x0000000084300000)
 Metaspace       used 38315K, committed 39552K, reserved 1114112K
  class space    used 4010K, committed 4544K, reserved 1048576K
}
Event: 10.563 GC heap before
{Heap before GC invocations=18 (full 2):
 PSYoungGen      total 24576K, used 24269K [0x00000000d5580000, 0x00000000d7100000, 0x0000000100000000)
  eden space 22016K, 100% used [0x00000000d5580000,0x00000000d6b00000,0x00000000d6b00000)
  from space 2560K, 88% used [0x00000000d6c80000,0x00000000d6eb3640,0x00000000d6f00000)
  to   space 2048K, 0% used [0x00000000d6f00000,0x00000000d6f00000,0x00000000d7100000)
 ParOldGen       total 68608K, used 20108K [0x0000000080000000, 0x0000000084300000, 0x00000000d5580000)
  object space 68608K, 29% used [0x0000000080000000,0x00000000813a3240,0x0000000084300000)
 Metaspace       used 38961K, committed 40256K, reserved 1114112K
  class space    used 4093K, committed 4672K, reserved 1048576K
}
Event: 10.573 GC heap after
{Heap after GC invocations=18 (full 2):
 PSYoungGen      total 19968K, used 2025K [0x00000000d5580000, 0x00000000d7b00000, 0x0000000100000000)
  eden space 17920K, 0% used [0x00000000d5580000,0x00000000d5580000,0x00000000d6700000)
  from space 2048K, 98% used [0x00000000d6f00000,0x00000000d70fa470,0x00000000d7100000)
  to   space 8192K, 0% used [0x00000000d6700000,0x00000000d6700000,0x00000000d6f00000)
 ParOldGen       total 68608K, used 25240K [0x0000000080000000, 0x0000000084300000, 0x00000000d5580000)
  object space 68608K, 36% used [0x0000000080000000,0x00000000818a6040,0x0000000084300000)
 Metaspace       used 38961K, committed 40256K, reserved 1114112K
  class space    used 4093K, committed 4672K, reserved 1048576K
}

