# JRE version: OpenJDK Runtime Environment Temurin-21.0.9+10 (21.0.9+10) (build 21.0.9+10-LTS)
# Java VM: OpenJDK 64-Bit Server VM Temurin-21.0.9+10 (21.0.9+10-LTS, mixed mode, sharing, tiered, compressed oops, compressed class ptrs, parallel gc, windows-amd64)
GC Precious Log:
 CardTable entry size: 512
 CPUs: 4 total, 4 available
 Memory: 16229M
 Large Page Support: Disabled
 NUMA Support: Disabled
 Compressed Oops: Enabled (32-bit)
 Alignments: Space 512K, Generation 512K, Heap 2M
 Heap Min Capacity: 100M
 Heap Initial Capacity: 100M
 Heap Max Capacity: 2G
 Pre-touch: Disabled
 Parallel Workers: 4
Heap:
 PSYoungGen      total 16384K, used 12727K [0x00000000d5580000, 0x00000000d6700000, 0x0000000100000000)
  eden space 15872K, 77% used [0x00000000d5580000,0x00000000d6185fc8,0x00000000d6500000)
  from space 512K, 81% used [0x00000000d6680000,0x00000000d66e8020,0x00000000d6700000)
  to   space 1024K, 0% used [0x00000000d6500000,0x00000000d6500000,0x00000000d6600000)
 ParOldGen       total 121856K, used 120958K [0x0000000080000000, 0x0000000087700000, 0x00000000d5580000)
  object space 121856K, 99% used [0x0000000080000000,0x000000008761f9f8,0x0000000087700000)
 Metaspace       used 66130K, committed 67648K, reserved 1114112K
  class space    used 6922K, committed 7552K, reserved 1048576K
GC Heap History (20 events):
Event: 219.434 GC heap before
{Heap before GC invocations=62 (full 3):
 PSYoungGen      total 16896K, used 16893K [0x00000000d5580000, 0x00000000d6900000, 0x0000000100000000)
  eden space 15872K, 100% used [0x00000000d5580000,0x00000000d6500000,0x00000000d6500000)
  from space 1024K, 99% used [0x00000000d6700000,0x00000000d67ff528,0x00000000d6800000)
  to   space 2048K, 0% used [0x00000000d6500000,0x00000000d6500000,0x00000000d6700000)
 ParOldGen       total 68608K, used 66463K [0x0000000080000000, 0x0000000084300000, 0x00000000d5580000)
  object space 68608K, 96% used [0x0000000080000000,0x00000000840e7ce8,0x0000000084300000)
 Metaspace       used 65420K, committed 66944K, reserved 1114112K
  class space    used 6848K, committed 7488K, reserved 1048576K
}
Event: 219.439 GC heap after
{Heap after GC invocations=62 (full 3):
 PSYoungGen      total 16896K, used 805K [0x00000000d5580000, 0x00000000d6800000, 0x0000000100000000)
  eden space 15872K, 0% used [0x00000000d5580000,0x00000000d5580000,0x00000000d6500000)
  from space 1024K, 78% used [0x00000000d6500000,0x00000000d65c95b8,0x00000000d6600000)
  to   space 1536K, 0% used [0x00000000d6680000,0x00000000d6680000,0x00000000d6800000)
 ParOldGen       total 68608K, used 67497K [0x0000000080000000, 0x0000000084300000, 0x00000000d5580000)
  object space 68608K, 98% used [0x0000000080000000,0x00000000841ea4f8,0x0000000084300000)
 Metaspace       used 65420K, committed 66944K, reserved 1114112K
  class space    used 6848K, committed 7488K, reserved 1048576K
}
Event: 219.505 GC heap before
{Heap before GC invocations=63 (full 3):
 PSYoungGen      total 16896K, used 16677K [0x00000000d5580000, 0x00000000d6800000, 0x0000000100000000)
  eden space 15872K, 100% used [0x00000000d5580000,0x00000000d6500000,0x00000000d6500000)
  from space 1024K, 78% used [0x00000000d6500000,0x00000000d65c95b8,0x00000000d6600000)
  to   space 1536K, 0% used [0x00000000d6680000,0x00000000d6680000,0x00000000d6800000)
 ParOldGen       total 68608K, used 67497K [0x0000000080000000, 0x0000000084300000, 0x00000000d5580000)
  object space 68608K, 98% used [0x0000000080000000,0x00000000841ea4f8,0x0000000084300000)
 Metaspace       used 65420K, committed 66944K, reserved 1114112K
  class space    used 6848K, committed 7488K, reserved 1048576K
}
Event: 219.507 GC heap after
{Heap after GC invocations=63 (full 3):
 PSYoungGen      total 16896K, used 893K [0x00000000d5580000, 0x00000000d6780000, 0x0000000100000000)
  eden space 15872K, 0% used [0x00000000d5580000,0x00000000d5580000,0x00000000d6500000)
  from space 1024K, 87% used [0x00000000d6680000,0x00000000d675f768,0x00000000d6780000)
  to   space 1024K, 0% used [0x00000000d6500000,0x00000000d6500000,0x00000000d6600000)
 ParOldGen       total 68608K, used 68264K [0x0000000080000000, 0x0000000084300000, 0x00000000d5580000)
  object space 68608K, 99% used [0x0000000080000000,0x00000000842aa028,0x0000000084300000)
 Metaspace       used 65420K, committed 66944K, reserved 1114112K
  class space    used 6848K, committed 7488K, reserved 1048576K
}
Event: 219.569 GC heap before
{Heap before GC invocations=64 (full 3):
 PSYoungGen      total 16896K, used 16765K [0x00000000d5580000, 0x00000000d6780000, 0x0000000100000000)
  eden space 15872K, 100% used [0x00000000d5580000,0x00000000d6500000,0x00000000d6500000)
  from space 1024K, 87% used [0x00000000d6680000,0x00000000d675f768,0x00000000d6780000)
  to   space 1024K, 0% used [0x00000000d6500000,0x00000000d6500000,0x00000000d6600000)
 ParOldGen       total 68608K, used 68264K [0x0000000080000000, 0x0000000084300000, 0x00000000d5580000)
  object space 68608K, 99% used [0x0000000080000000,0x00000000842aa028,0x0000000084300000)
 Metaspace       used 65425K, committed 67008K, reserved 1114112K
  class space    used 6848K, committed 7488K, reserved 1048576K
}
Event: 219.572 GC heap after
{Heap after GC invocations=64 (full 3):
 PSYoungGen      total 16896K, used 932K [0x00000000d5580000, 0x00000000d6700000, 0x0000000100000000)
  eden space 15872K, 0% used [0x00000000d5580000,0x00000000d5580000,0x00000000d6500000)
  from space 1024K, 91% used [0x00000000d6500000,0x00000000d65e9328,0x00000000d6600000)
  to   space 1024K, 0% used [0x00000000d6600000,0x00000000d6600000,0x00000000d6700000)
 ParOldGen       total 69120K, used 69091K [0x0000000080000000, 0x0000000084380000, 0x00000000d5580000)
  object space 69120K, 99% used [0x0000000080000000,0x0000000084378c18,0x0000000084380000)
 Metaspace       used 65425K, committed 67008K, reserved 1114112K
  class space    used 6848K, committed 7488K, reserved 1048576K
}
Event: 219.609 GC heap before
{Heap before GC invocations=65 (full 3):
 PSYoungGen      total 16896K, used 16804K [0x00000000d5580000, 0x00000000d6700000, 0x0000000100000000)
  eden space 15872K, 100% used [0x00000000d5580000,0x00000000d6500000,0x00000000d6500000)
  from space 1024K, 91% used [0x00000000d6500000,0x00000000d65e9328,0x00000000d6600000)
  to   space 1024K, 0% used [0x00000000d6600000,0x00000000d6600000,0x00000000d6700000)
 ParOldGen       total 69120K, used 69091K [0x0000000080000000, 0x0000000084380000, 0x00000000d5580000)
  object space 69120K, 99% used [0x0000000080000000,0x0000000084378c18,0x0000000084380000)
 Metaspace       used 65428K, committed 67008K, reserved 1114112K
  class space    used 6848K, committed 7488K, reserved 1048576K
}
Event: 219.612 GC heap after
{Heap after GC invocations=65 (full 3):
 PSYoungGen      total 16896K, used 544K [0x00000000d5580000, 0x00000000d6700000, 0x0000000100000000)
  eden space 15872K, 0% used [0x00000000d5580000,0x00000000d5580000,0x00000000d6500000)
  from space 1024K, 53% used [0x00000000d6600000,0x00000000d6688020,0x00000000d6700000)
  to   space 1024K, 0% used [0x00000000d6500000,0x00000000d6500000,0x00000000d6600000)
 ParOldGen       total 70144K, used 69961K [0x0000000080000000, 0x0000000084480000, 0x00000000d5580000)
  object space 70144K, 99% used [0x0000000080000000,0x0000000084452438,0x0000000084480000)
 Metaspace       used 65428K, committed 67008K, reserved 1114112K
  class space    used 6848K, committed 7488K, reserved 1048576K
}
Event: 219.669 GC heap before
{Heap before GC invocations=66 (full 3):
 PSYoungGen      total 16896K, used 16416K [0x00000000d5580000, 0x00000000d6700000, 0x0000000100000000)
  eden space 15872K, 100% used [0x00000000d5580000,0x00000000d6500000,0x00000000d6500000)
  from space 1024K, 53% used [0x00000000d6600000,0x00000000d6688020,0x00000000d6700000)
  to   space 1024K, 0% used [0x00000000d6500000,0x00000000d6500000,0x00000000d6600000)
 ParOldGen       total 70144K, used 69961K [0x0000000080000000, 0x0000000084480000, 0x00000000d5580000)
  object space 70144K, 99% used [0x0000000080000000,0x0000000084452438,0x0000000084480000)
 Metaspace       used 65434K, committed 67008K, reserved 1114112K
  class space    used 6848K, committed 7488K, reserved 1048576K
}
Event: 219.671 GC heap after
{Heap after GC invocations=66 (full 3):
 PSYoungGen      total 16896K, used 961K [0x00000000d5580000, 0x00000000d6800000, 0x0000000100000000)
  eden space 15872K, 0% used [0x00000000d5580000,0x00000000d5580000,0x00000000d6500000)
  from space 1024K, 93% used [0x00000000d6500000,0x00000000d65f07b8,0x00000000d6600000)
  to   space 1536K, 0% used [0x00000000d6680000,0x00000000d6680000,0x00000000d6800000)
 ParOldGen       total 70656K, used 70401K [0x0000000080000000, 0x0000000084500000, 0x00000000d5580000)
  object space 70656K, 99% used [0x0000000080000000,0x00000000844c04f0,0x0000000084500000)
 Metaspace       used 65434K, committed 67008K, reserved 1114112K
  class space    used 6848K, committed 7488K, reserved 1048576K
}
Event: 219.713 GC heap before
{Heap before GC invocations=67 (full 3):
 PSYoungGen      total 16896K, used 16833K [0x00000000d5580000, 0x00000000d6800000, 0x0000000100000000)
  eden space 15872K, 100% used [0x00000000d5580000,0x00000000d6500000,0x00000000d6500000)
  from space 1024K, 93% used [0x00000000d6500000,0x00000000d65f07b8,0x00000000d6600000)
  to   space 1536K, 0% used [0x00000000d6680000,0x00000000d6680000,0x00000000d6800000)
 ParOldGen       total 70656K, used 70401K [0x0000000080000000, 0x0000000084500000, 0x00000000d5580000)
  object space 70656K, 99% used [0x0000000080000000,0x00000000844c04f0,0x0000000084500000)
 Metaspace       used 65434K, committed 67008K, reserved 1114112K
  class space    used 6848K, committed 7488K, reserved 1048576K
}
Event: 219.716 GC heap after
{Heap after GC invocations=67 (full 3):
 PSYoungGen      total 16896K, used 687K [0x00000000d5580000, 0x00000000d6780000, 0x0000000100000000)
  eden space 15872K, 0% used [0x00000000d5580000,0x00000000d5580000,0x00000000d6500000)
  from space 1024K, 67% used [0x00000000d6680000,0x00000000d672bff8,0x00000000d6780000)
  to   space 1024K, 0% used [0x00000000d6500000,0x00000000d6500000,0x00000000d6600000)
 ParOldGen       total 71680K, used 71296K [0x0000000080000000, 0x0000000084600000, 0x00000000d5580000)
  object space 71680K, 99% used [0x0000000080000000,0x00000000845a0128,0x0000000084600000)
 Metaspace       used 65434K, committed 67008K, reserved 1114112K
  class space    used 6848K, committed 7488K, reserved 1048576K
}
Event: 219.780 GC heap before
{Heap before GC invocations=68 (full 3):
 PSYoungGen      total 16896K, used 16559K [0x00000000d5580000, 0x00000000d6780000, 0x0000000100000000)
  eden space 15872K, 100% used [0x00000000d5580000,0x00000000d6500000,0x00000000d6500000)
  from space 1024K, 67% used [0x00000000d6680000,0x00000000d672bff8,0x00000000d6780000)
  to   space 1024K, 0% used [0x00000000d6500000,0x00000000d6500000,0x00000000d6600000)
 ParOldGen       total 71680K, used 71296K [0x0000000080000000, 0x0000000084600000, 0x00000000d5580000)
  object space 71680K, 99% used [0x0000000080000000,0x00000000845a0128,0x0000000084600000)
 Metaspace       used 65435K, committed 67008K, reserved 1114112K
  class space    used 6848K, committed 7488K, reserved 1048576K
}
Event: 219.785 GC heap after
{Heap after GC invocations=68 (full 3):
 PSYoungGen      total 16896K, used 805K [0x00000000d5580000, 0x00000000d6700000, 0x0000000100000000)
  eden space 15872K, 0% used [0x00000000d5580000,0x00000000d5580000,0x00000000d6500000)
  from space 1024K, 78% used [0x00000000d6500000,0x00000000d65c9648,0x00000000d6600000)
  to   space 1024K, 0% used [0x00000000d6600000,0x00000000d6600000,0x00000000d6700000)
 ParOldGen       total 73216K, used 72728K [0x0000000080000000, 0x0000000084780000, 0x00000000d5580000)
  object space 73216K, 99% used [0x0000000080000000,0x0000000084706120,0x0000000084780000)
 Metaspace       used 65435K, committed 67008K, reserved 1114112K
  class space    used 6848K, committed 7488K, reserved 1048576K
}
Event: 219.840 GC heap before
{Heap before GC invocations=69 (full 3):
 PSYoungGen      total 16896K, used 16677K [0x00000000d5580000, 0x00000000d6700000, 0x0000000100000000)
  eden space 15872K, 100% used [0x00000000d5580000,0x00000000d6500000,0x00000000d6500000)
  from space 1024K, 78% used [0x00000000d6500000,0x00000000d65c9648,0x00000000d6600000)
  to   space 1024K, 0% used [0x00000000d6600000,0x00000000d6600000,0x00000000d6700000)
 ParOldGen       total 73216K, used 72728K [0x0000000080000000, 0x0000000084780000, 0x00000000d5580000)
  object space 73216K, 99% used [0x0000000080000000,0x0000000084706120,0x0000000084780000)
 Metaspace       used 65438K, committed 67008K, reserved 1114112K
  class space    used 6848K, committed 7488K, reserved 1048576K
}
Event: 219.843 GC heap after
{Heap after GC invocations=69 (full 3):
 PSYoungGen      total 16896K, used 836K [0x00000000d5580000, 0x00000000d6700000, 0x0000000100000000)
  eden space 15872K, 0% used [0x00000000d5580000,0x00000000d5580000,0x00000000d6500000)
  from space 1024K, 81% used [0x00000000d6600000,0x00000000d66d1278,0x00000000d6700000)
  to   space 1024K, 0% used [0x00000000d6500000,0x00000000d6500000,0x00000000d6600000)
 ParOldGen       total 73728K, used 73494K [0x0000000080000000, 0x0000000084800000, 0x00000000d5580000)
  object space 73728K, 99% used [0x0000000080000000,0x00000000847c59a8,0x0000000084800000)
 Metaspace       used 65438K, committed 67008K, reserved 1114112K
  class space    used 6848K, committed 7488K, reserved 1048576K
}
Event: 332.891 GC heap before
{Heap before GC invocations=70 (full 3):
 PSYoungGen      total 16896K, used 16708K [0x00000000d5580000, 0x00000000d6700000, 0x0000000100000000)
  eden space 15872K, 100% used [0x00000000d5580000,0x00000000d6500000,0x00000000d6500000)
  from space 1024K, 81% used [0x00000000d6600000,0x00000000d66d1278,0x00000000d6700000)
  to   space 1024K, 0% used [0x00000000d6500000,0x00000000d6500000,0x00000000d6600000)
 ParOldGen       total 73728K, used 73494K [0x0000000080000000, 0x0000000084800000, 0x00000000d5580000)
  object space 73728K, 99% used [0x0000000080000000,0x00000000847c59a8,0x0000000084800000)
 Metaspace       used 65617K, committed 67200K, reserved 1114112K
  class space    used 6880K, committed 7552K, reserved 1048576K
}
Event: 332.894 GC heap after
{Heap after GC invocations=70 (full 3):
 PSYoungGen      total 16896K, used 1008K [0x00000000d5580000, 0x00000000d6800000, 0x0000000100000000)
  eden space 15872K, 0% used [0x00000000d5580000,0x00000000d5580000,0x00000000d6500000)
  from space 1024K, 98% used [0x00000000d6500000,0x00000000d65fc010,0x00000000d6600000)
  to   space 1536K, 0% used [0x00000000d6680000,0x00000000d6680000,0x00000000d6800000)
 ParOldGen       total 74240K, used 73854K [0x0000000080000000, 0x0000000084880000, 0x00000000d5580000)
  object space 74240K, 99% used [0x0000000080000000,0x000000008481f9a8,0x0000000084880000)
 Metaspace       used 65617K, committed 67200K, reserved 1114112K
  class space    used 6880K, committed 7552K, reserved 1048576K
}
Event: 578.785 GC heap before
{Heap before GC invocations=71 (full 3):
 PSYoungGen      total 16896K, used 16880K [0x00000000d5580000, 0x00000000d6800000, 0x0000000100000000)
  eden space 15872K, 100% used [0x00000000d5580000,0x00000000d6500000,0x00000000d6500000)
  from space 1024K, 98% used [0x00000000d6500000,0x00000000d65fc010,0x00000000d6600000)
  to   space 1536K, 0% used [0x00000000d6680000,0x00000000d6680000,0x00000000d6800000)
 ParOldGen       total 97792K, used 96894K [0x0000000080000000, 0x0000000085f80000, 0x00000000d5580000)
  object space 97792K, 99% used [0x0000000080000000,0x0000000085e9f9c8,0x0000000085f80000)
 Metaspace       used 66083K, committed 67584K, reserved 1114112K
  class space    used 6922K, committed 7552K, reserved 1048576K
}
Event: 578.790 GC heap after
{Heap after GC invocations=71 (full 3):
 PSYoungGen      total 16384K, used 416K [0x00000000d5580000, 0x00000000d6700000, 0x0000000100000000)
  eden space 15872K, 0% used [0x00000000d5580000,0x00000000d5580000,0x00000000d6500000)
  from space 512K, 81% used [0x00000000d6680000,0x00000000d66e8020,0x00000000d6700000)
  to   space 1024K, 0% used [0x00000000d6500000,0x00000000d6500000,0x00000000d6600000)
 ParOldGen       total 98304K, used 97918K [0x0000000080000000, 0x0000000086000000, 0x00000000d5580000)
  object space 98304K, 99% used [0x0000000080000000,0x0000000085f9f9d8,0x0000000086000000)
 Metaspace       used 66083K, committed 67584K, reserved 1114112K
  class space    used 6922K, committed 7552K, reserved 1048576K
}

