# JRE version: OpenJDK Runtime Environment Temurin-21.0.9+10 (21.0.9+10) (build 21.0.9+10-LTS)
# Java VM: OpenJDK 64-Bit Server VM Temurin-21.0.9+10 (21.0.9+10-LTS, mixed mode, sharing, tiered, compressed oops, compressed class ptrs, parallel gc, windows-amd64)
GC Precious Log:
 CardTable entry size: 512
 CPUs: 4 total, 4 available
 Memory: 16229M
 Large Page Support: Disabled
 NUMA Support: Disabled
 Compressed Oops: Enabled (32-bit)
 Alignments: Space 512K, Generation 512K, Heap 2M
 Heap Min Capacity: 100M
 Heap Initial Capacity: 100M
 Heap Max Capacity: 2G
 Pre-touch: Disabled
 Parallel Workers: 4
Heap:
 PSYoungGen      total 9216K, used 8203K [0x00000000d5580000, 0x00000000d6580000, 0x0000000100000000)
  eden space 6656K, 89% used [0x00000000d5580000,0x00000000d5b54218,0x00000000d5c00000)
  from space 2560K, 87% used [0x00000000d5c00000,0x00000000d5e2ec48,0x00000000d5e80000)
  to   space 4096K, 0% used [0x00000000d6180000,0x00000000d6180000,0x00000000d6580000)
 ParOldGen       total 377344K, used 377248K [0x0000000080000000, 0x0000000097080000, 0x00000000d5580000)
  object space 377344K, 99% used [0x0000000080000000,0x00000000970683a8,0x0000000097080000)
 Metaspace       used 67217K, committed 68864K, reserved 1114112K
  class space    used 7058K, committed 7808K, reserved 1048576K
GC Heap History (20 events):
Event: 37.110 GC heap before
{Heap before GC invocations=375 (full 3):
 PSYoungGen      total 6656K, used 6512K [0x00000000d5580000, 0x00000000d5e80000, 0x0000000100000000)
  eden space 5120K, 100% used [0x00000000d5580000,0x00000000d5a80000,0x00000000d5a80000)
  from space 1536K, 90% used [0x00000000d5a80000,0x00000000d5bdc000,0x00000000d5c00000)
  to   space 1536K, 0% used [0x00000000d5d00000,0x00000000d5d00000,0x00000000d5e80000)
 ParOldGen       total 355328K, used 355218K [0x0000000080000000, 0x0000000095b00000, 0x00000000d5580000)
  object space 355328K, 99% used [0x0000000080000000,0x0000000095ae4aa0,0x0000000095b00000)
 Metaspace       used 67205K, committed 68864K, reserved 1114112K
  class space    used 7057K, committed 7808K, reserved 1048576K
}
Event: 37.112 GC heap after
{Heap after GC invocations=375 (full 3):
 PSYoungGen      total 5632K, used 1524K [0x00000000d5580000, 0x00000000d6280000, 0x0000000100000000)
  eden space 4096K, 0% used [0x00000000d5580000,0x00000000d5580000,0x00000000d5980000)
  from space 1536K, 99% used [0x00000000d5d00000,0x00000000d5e7d1f8,0x00000000d5e80000)
  to   space 3584K, 0% used [0x00000000d5980000,0x00000000d5980000,0x00000000d5d00000)
 ParOldGen       total 356864K, used 356644K [0x0000000080000000, 0x0000000095c80000, 0x00000000d5580000)
  object space 356864K, 99% used [0x0000000080000000,0x0000000095c493a8,0x0000000095c80000)
 Metaspace       used 67205K, committed 68864K, reserved 1114112K
  class space    used 7057K, committed 7808K, reserved 1048576K
}
Event: 37.116 GC heap before
{Heap before GC invocations=376 (full 3):
 PSYoungGen      total 5632K, used 5620K [0x00000000d5580000, 0x00000000d6280000, 0x0000000100000000)
  eden space 4096K, 100% used [0x00000000d5580000,0x00000000d5980000,0x00000000d5980000)
  from space 1536K, 99% used [0x00000000d5d00000,0x00000000d5e7d1f8,0x00000000d5e80000)
  to   space 3584K, 0% used [0x00000000d5980000,0x00000000d5980000,0x00000000d5d00000)
 ParOldGen       total 356864K, used 356644K [0x0000000080000000, 0x0000000095c80000, 0x00000000d5580000)
  object space 356864K, 99% used [0x0000000080000000,0x0000000095c493a8,0x0000000095c80000)
 Metaspace       used 67205K, committed 68864K, reserved 1114112K
  class space    used 7057K, committed 7808K, reserved 1048576K
}
Event: 37.119 GC heap after
{Heap after GC invocations=376 (full 3):
 PSYoungGen      total 5632K, used 1340K [0x00000000d5580000, 0x00000000d5e80000, 0x0000000100000000)
  eden space 4096K, 0% used [0x00000000d5580000,0x00000000d5580000,0x00000000d5980000)
  from space 1536K, 87% used [0x00000000d5980000,0x00000000d5acf160,0x00000000d5b00000)
  to   space 2048K, 0% used [0x00000000d5c80000,0x00000000d5c80000,0x00000000d5e80000)
 ParOldGen       total 358400K, used 358116K [0x0000000080000000, 0x0000000095e00000, 0x00000000d5580000)
  object space 358400K, 99% used [0x0000000080000000,0x0000000095db9118,0x0000000095e00000)
 Metaspace       used 67205K, committed 68864K, reserved 1114112K
  class space    used 7057K, committed 7808K, reserved 1048576K
}
Event: 37.123 GC heap before
{Heap before GC invocations=377 (full 3):
 PSYoungGen      total 5632K, used 5436K [0x00000000d5580000, 0x00000000d5e80000, 0x0000000100000000)
  eden space 4096K, 100% used [0x00000000d5580000,0x00000000d5980000,0x00000000d5980000)
  from space 1536K, 87% used [0x00000000d5980000,0x00000000d5acf160,0x00000000d5b00000)
  to   space 2048K, 0% used [0x00000000d5c80000,0x00000000d5c80000,0x00000000d5e80000)
 ParOldGen       total 358400K, used 358116K [0x0000000080000000, 0x0000000095e00000, 0x00000000d5580000)
  object space 358400K, 99% used [0x0000000080000000,0x0000000095db9118,0x0000000095e00000)
 Metaspace       used 67205K, committed 68864K, reserved 1114112K
  class space    used 7057K, committed 7808K, reserved 1048576K
}
Event: 37.125 GC heap after
{Heap after GC invocations=377 (full 3):
 PSYoungGen      total 6656K, used 1431K [0x00000000d5580000, 0x00000000d5e00000, 0x0000000100000000)
  eden space 5120K, 0% used [0x00000000d5580000,0x00000000d5580000,0x00000000d5a80000)
  from space 1536K, 93% used [0x00000000d5c80000,0x00000000d5de5e70,0x00000000d5e00000)
  to   space 1536K, 0% used [0x00000000d5b00000,0x00000000d5b00000,0x00000000d5c80000)
 ParOldGen       total 359424K, used 359402K [0x0000000080000000, 0x0000000095f00000, 0x00000000d5580000)
  object space 359424K, 99% used [0x0000000080000000,0x0000000095efa840,0x0000000095f00000)
 Metaspace       used 67205K, committed 68864K, reserved 1114112K
  class space    used 7057K, committed 7808K, reserved 1048576K
}
Event: 37.130 GC heap before
{Heap before GC invocations=378 (full 3):
 PSYoungGen      total 6656K, used 6533K [0x00000000d5580000, 0x00000000d5e00000, 0x0000000100000000)
  eden space 5120K, 99% used [0x00000000d5580000,0x00000000d5a7b6a0,0x00000000d5a80000)
  from space 1536K, 93% used [0x00000000d5c80000,0x00000000d5de5e70,0x00000000d5e00000)
  to   space 1536K, 0% used [0x00000000d5b00000,0x00000000d5b00000,0x00000000d5c80000)
 ParOldGen       total 359424K, used 359402K [0x0000000080000000, 0x0000000095f00000, 0x00000000d5580000)
  object space 359424K, 99% used [0x0000000080000000,0x0000000095efa840,0x0000000095f00000)
 Metaspace       used 67205K, committed 68864K, reserved 1114112K
  class space    used 7057K, committed 7808K, reserved 1048576K
}
Event: 37.132 GC heap after
{Heap after GC invocations=378 (full 3):
 PSYoungGen      total 7168K, used 1526K [0x00000000d5580000, 0x00000000d6380000, 0x0000000100000000)
  eden space 5632K, 0% used [0x00000000d5580000,0x00000000d5580000,0x00000000d5b00000)
  from space 1536K, 99% used [0x00000000d5b00000,0x00000000d5c7d910,0x00000000d5c80000)
  to   space 4096K, 0% used [0x00000000d5f80000,0x00000000d5f80000,0x00000000d6380000)
 ParOldGen       total 361472K, used 361196K [0x0000000080000000, 0x0000000096100000, 0x00000000d5580000)
  object space 361472K, 99% used [0x0000000080000000,0x00000000960bb130,0x0000000096100000)
 Metaspace       used 67205K, committed 68864K, reserved 1114112K
  class space    used 7057K, committed 7808K, reserved 1048576K
}
Event: 37.137 GC heap before
{Heap before GC invocations=379 (full 3):
 PSYoungGen      total 7168K, used 7158K [0x00000000d5580000, 0x00000000d6380000, 0x0000000100000000)
  eden space 5632K, 100% used [0x00000000d5580000,0x00000000d5b00000,0x00000000d5b00000)
  from space 1536K, 99% used [0x00000000d5b00000,0x00000000d5c7d910,0x00000000d5c80000)
  to   space 4096K, 0% used [0x00000000d5f80000,0x00000000d5f80000,0x00000000d6380000)
 ParOldGen       total 361472K, used 361196K [0x0000000080000000, 0x0000000096100000, 0x00000000d5580000)
  object space 361472K, 99% used [0x0000000080000000,0x00000000960bb130,0x0000000096100000)
 Metaspace       used 67205K, committed 68864K, reserved 1114112K
  class space    used 7057K, committed 7808K, reserved 1048576K
}
Event: 37.139 GC heap after
{Heap after GC invocations=379 (full 3):
 PSYoungGen      total 10240K, used 2170K [0x00000000d5580000, 0x00000000d6280000, 0x0000000100000000)
  eden space 7168K, 0% used [0x00000000d5580000,0x00000000d5580000,0x00000000d5c80000)
  from space 3072K, 70% used [0x00000000d5f80000,0x00000000d619ebc8,0x00000000d6280000)
  to   space 3072K, 0% used [0x00000000d5c80000,0x00000000d5c80000,0x00000000d5f80000)
 ParOldGen       total 363008K, used 362702K [0x0000000080000000, 0x0000000096280000, 0x00000000d5580000)
  object space 363008K, 99% used [0x0000000080000000,0x00000000962339c8,0x0000000096280000)
 Metaspace       used 67205K, committed 68864K, reserved 1114112K
  class space    used 7057K, committed 7808K, reserved 1048576K
}
Event: 37.146 GC heap before
{Heap before GC invocations=380 (full 3):
 PSYoungGen      total 10240K, used 9338K [0x00000000d5580000, 0x00000000d6280000, 0x0000000100000000)
  eden space 7168K, 100% used [0x00000000d5580000,0x00000000d5c80000,0x00000000d5c80000)
  from space 3072K, 70% used [0x00000000d5f80000,0x00000000d619ebc8,0x00000000d6280000)
  to   space 3072K, 0% used [0x00000000d5c80000,0x00000000d5c80000,0x00000000d5f80000)
 ParOldGen       total 363008K, used 362702K [0x0000000080000000, 0x0000000096280000, 0x00000000d5580000)
  object space 363008K, 99% used [0x0000000080000000,0x00000000962339c8,0x0000000096280000)
 Metaspace       used 67205K, committed 68864K, reserved 1114112K
  class space    used 7057K, committed 7808K, reserved 1048576K
}
Event: 37.149 GC heap after
{Heap after GC invocations=380 (full 3):
 PSYoungGen      total 10240K, used 2722K [0x00000000d5580000, 0x00000000d6400000, 0x0000000100000000)
  eden space 7168K, 0% used [0x00000000d5580000,0x00000000d5580000,0x00000000d5c80000)
  from space 3072K, 88% used [0x00000000d5c80000,0x00000000d5f28bf0,0x00000000d5f80000)
  to   space 3072K, 0% used [0x00000000d6100000,0x00000000d6100000,0x00000000d6400000)
 ParOldGen       total 365056K, used 364794K [0x0000000080000000, 0x0000000096480000, 0x00000000d5580000)
  object space 365056K, 99% used [0x0000000080000000,0x000000009643ea30,0x0000000096480000)
 Metaspace       used 67205K, committed 68864K, reserved 1114112K
  class space    used 7057K, committed 7808K, reserved 1048576K
}
Event: 37.157 GC heap before
{Heap before GC invocations=381 (full 3):
 PSYoungGen      total 10240K, used 9890K [0x00000000d5580000, 0x00000000d6400000, 0x0000000100000000)
  eden space 7168K, 100% used [0x00000000d5580000,0x00000000d5c80000,0x00000000d5c80000)
  from space 3072K, 88% used [0x00000000d5c80000,0x00000000d5f28bf0,0x00000000d5f80000)
  to   space 3072K, 0% used [0x00000000d6100000,0x00000000d6100000,0x00000000d6400000)
 ParOldGen       total 365056K, used 364794K [0x0000000080000000, 0x0000000096480000, 0x00000000d5580000)
  object space 365056K, 99% used [0x0000000080000000,0x000000009643ea30,0x0000000096480000)
 Metaspace       used 67205K, committed 68864K, reserved 1114112K
  class space    used 7057K, committed 7808K, reserved 1048576K
}
Event: 37.160 GC heap after
{Heap after GC invocations=381 (full 3):
 PSYoungGen      total 11776K, used 2859K [0x00000000d5580000, 0x00000000d6400000, 0x0000000100000000)
  eden space 8704K, 0% used [0x00000000d5580000,0x00000000d5580000,0x00000000d5e00000)
  from space 3072K, 93% used [0x00000000d6100000,0x00000000d63cac48,0x00000000d6400000)
  to   space 3072K, 0% used [0x00000000d5e00000,0x00000000d5e00000,0x00000000d6100000)
 ParOldGen       total 367616K, used 367439K [0x0000000080000000, 0x0000000096700000, 0x00000000d5580000)
  object space 367616K, 99% used [0x0000000080000000,0x00000000966d3f40,0x0000000096700000)
 Metaspace       used 67205K, committed 68864K, reserved 1114112K
  class space    used 7057K, committed 7808K, reserved 1048576K
}
Event: 37.167 GC heap before
{Heap before GC invocations=382 (full 3):
 PSYoungGen      total 11776K, used 11563K [0x00000000d5580000, 0x00000000d6400000, 0x0000000100000000)
  eden space 8704K, 100% used [0x00000000d5580000,0x00000000d5e00000,0x00000000d5e00000)
  from space 3072K, 93% used [0x00000000d6100000,0x00000000d63cac48,0x00000000d6400000)
  to   space 3072K, 0% used [0x00000000d5e00000,0x00000000d5e00000,0x00000000d6100000)
 ParOldGen       total 367616K, used 367439K [0x0000000080000000, 0x0000000096700000, 0x00000000d5580000)
  object space 367616K, 99% used [0x0000000080000000,0x00000000966d3f40,0x0000000096700000)
 Metaspace       used 67205K, committed 68864K, reserved 1114112K
  class space    used 7057K, committed 7808K, reserved 1048576K
}
Event: 37.170 GC heap after
{Heap after GC invocations=382 (full 3):
 PSYoungGen      total 11776K, used 3049K [0x00000000d5580000, 0x00000000d6700000, 0x0000000100000000)
  eden space 8704K, 0% used [0x00000000d5580000,0x00000000d5580000,0x00000000d5e00000)
  from space 3072K, 99% used [0x00000000d5e00000,0x00000000d60fa760,0x00000000d6100000)
  to   space 3584K, 0% used [0x00000000d6380000,0x00000000d6380000,0x00000000d6700000)
 ParOldGen       total 371200K, used 370735K [0x0000000080000000, 0x0000000096a80000, 0x00000000d5580000)
  object space 371200K, 99% used [0x0000000080000000,0x0000000096a0be48,0x0000000096a80000)
 Metaspace       used 67205K, committed 68864K, reserved 1114112K
  class space    used 7057K, committed 7808K, reserved 1048576K
}
Event: 37.178 GC heap before
{Heap before GC invocations=383 (full 3):
 PSYoungGen      total 11776K, used 11750K [0x00000000d5580000, 0x00000000d6700000, 0x0000000100000000)
  eden space 8704K, 99% used [0x00000000d5580000,0x00000000d5dff388,0x00000000d5e00000)
  from space 3072K, 99% used [0x00000000d5e00000,0x00000000d60fa760,0x00000000d6100000)
  to   space 3584K, 0% used [0x00000000d6380000,0x00000000d6380000,0x00000000d6700000)
 ParOldGen       total 371200K, used 370735K [0x0000000080000000, 0x0000000096a80000, 0x00000000d5580000)
  object space 371200K, 99% used [0x0000000080000000,0x0000000096a0be48,0x0000000096a80000)
 Metaspace       used 67205K, committed 68864K, reserved 1114112K
  class space    used 7057K, committed 7808K, reserved 1048576K
}
Event: 37.181 GC heap after
{Heap after GC invocations=383 (full 3):
 PSYoungGen      total 10240K, used 3561K [0x00000000d5580000, 0x00000000d6f00000, 0x0000000100000000)
  eden space 6656K, 0% used [0x00000000d5580000,0x00000000d5580000,0x00000000d5c00000)
  from space 3584K, 99% used [0x00000000d6380000,0x00000000d66fa5b0,0x00000000d6700000)
  to   space 7680K, 0% used [0x00000000d5c00000,0x00000000d5c00000,0x00000000d6380000)
 ParOldGen       total 373760K, used 373749K [0x0000000080000000, 0x0000000096d00000, 0x00000000d5580000)
  object space 373760K, 99% used [0x0000000080000000,0x0000000096cfd628,0x0000000096d00000)
 Metaspace       used 67205K, committed 68864K, reserved 1114112K
  class space    used 7057K, committed 7808K, reserved 1048576K
}
Event: 37.193 GC heap before
{Heap before GC invocations=384 (full 3):
 PSYoungGen      total 10240K, used 10119K [0x00000000d5580000, 0x00000000d6f00000, 0x0000000100000000)
  eden space 6656K, 98% used [0x00000000d5580000,0x00000000d5be7700,0x00000000d5c00000)
  from space 3584K, 99% used [0x00000000d6380000,0x00000000d66fa5b0,0x00000000d6700000)
  to   space 7680K, 0% used [0x00000000d5c00000,0x00000000d5c00000,0x00000000d6380000)
 ParOldGen       total 373760K, used 373749K [0x0000000080000000, 0x0000000096d00000, 0x00000000d5580000)
  object space 373760K, 99% used [0x0000000080000000,0x0000000096cfd628,0x0000000096d00000)
 Metaspace       used 67205K, committed 68864K, reserved 1114112K
  class space    used 7057K, committed 7808K, reserved 1048576K
}
Event: 37.198 GC heap after
{Heap after GC invocations=384 (full 3):
 PSYoungGen      total 9216K, used 2235K [0x00000000d5580000, 0x00000000d6580000, 0x0000000100000000)
  eden space 6656K, 0% used [0x00000000d5580000,0x00000000d5580000,0x00000000d5c00000)
  from space 2560K, 87% used [0x00000000d5c00000,0x00000000d5e2ec48,0x00000000d5e80000)
  to   space 4096K, 0% used [0x00000000d6180000,0x00000000d6180000,0x00000000d6580000)
 ParOldGen       total 377344K, used 377248K [0x0000000080000000, 0x0000000097080000, 0x00000000d5580000)
  object space 377344K, 99% used [0x0000000080000000,0x00000000970683a8,0x0000000097080000)
 Metaspace       used 67205K, committed 68864K, reserved 1114112K
  class space    used 7057K, committed 7808K, reserved 1048576K
}

